2026-03-19T12:20:54.830+08:00  INFO 8656 --- [forum-server] [main] c.a.nacos.client.logging.NacosLogging    : Nacos Logging Adapter Builder: com.alibaba.nacos.logger.adapter.logback12.LogbackNacosLoggingAdapterBuilder
2026-03-19T12:20:54.838+08:00  INFO 8656 --- [forum-server] [main] c.a.nacos.client.logging.NacosLogging    : Nacos Logging Adapter Builder: com.alibaba.nacos.logger.adapter.logback14.LogbackNacosLoggingAdapterBuilder
2026-03-19T12:20:54.839+08:00  INFO 8656 --- [forum-server] [main] c.a.nacos.client.logging.NacosLogging    : Nacos Logging Adapter: com.alibaba.nacos.logger.adapter.logback14.LogbackNacosLoggingAdapter match ch.qos.logback.classic.Logger success.
2026-03-19T12:20:54.847+08:00  INFO 8656 --- [forum-server] [main] c.a.nacos.client.logging.NacosLogging    : Nacos Logging Adapter Builder: com.alibaba.nacos.logger.adapter.log4j2.Log4j2NacosLoggingAdapterBuilder
2026-03-19T12:20:54.994+08:00  INFO 8656 --- [forum-server] [main] com.zcy.forum.ForumApplication           : Starting ForumApplication using Java 17.0.16 with PID 8656 (D:\Java\Code\Project-forum\forum\target\classes started by zhangchengyi in D:\Java\Code\Project-forum)
2026-03-19T12:20:54.994+08:00 DEBUG 8656 --- [forum-server] [main] com.zcy.forum.ForumApplication           : Running with Spring Boot v3.3.5, Spring v6.1.14
2026-03-19T12:20:54.994+08:00  INFO 8656 --- [forum-server] [main] com.zcy.forum.ForumApplication           : No active profile set, falling back to 1 default profile: "default"
2026-03-19T12:20:57.822+08:00  INFO 8656 --- [forum-server] [main] .s.d.r.c.RepositoryConfigurationDelegate : Multiple Spring Data modules found, entering strict repository configuration mode
2026-03-19T12:20:57.825+08:00  INFO 8656 --- [forum-server] [main] .s.d.r.c.RepositoryConfigurationDelegate : Bootstrapping Spring Data Redis repositories in DEFAULT mode.
2026-03-19T12:20:57.854+08:00  INFO 8656 --- [forum-server] [main] .s.d.r.c.RepositoryConfigurationDelegate : Finished Spring Data repository scanning in 17 ms. Found 0 Redis repository interfaces.
2026-03-19T12:20:57.929+08:00  WARN 8656 --- [forum-server] [main] o.m.s.mapper.ClassPathMapperScanner      : No MyBatis mapper was found in '[com.zcy.forum.mapper.secondary]' package. Please check your configuration.
2026-03-19T12:20:57.931+08:00  WARN 8656 --- [forum-server] [main] o.m.s.mapper.ClassPathMapperScanner      : Skipping MapperFactoryBean with name 'AIServiceMapper' and 'com.zcy.forum.mapper.primary.AIServiceMapper' mapperInterface. Bean already defined with the same name!
2026-03-19T12:20:57.931+08:00  WARN 8656 --- [forum-server] [main] o.m.s.mapper.ClassPathMapperScanner      : Skipping MapperFactoryBean with name 'categoryMapper' and 'com.zcy.forum.mapper.primary.CategoryMapper' mapperInterface. Bean already defined with the same name!
2026-03-19T12:20:57.931+08:00  WARN 8656 --- [forum-server] [main] o.m.s.mapper.ClassPathMapperScanner      : Skipping MapperFactoryBean with name 'chatConversationMapper' and 'com.zcy.forum.mapper.primary.ChatConversationMapper' mapperInterface. Bean already defined with the same name!
2026-03-19T12:20:57.931+08:00  WARN 8656 --- [forum-server] [main] o.m.s.mapper.ClassPathMapperScanner      : Skipping MapperFactoryBean with name 'chatMessageMapper' and 'com.zcy.forum.mapper.primary.ChatMessageMapper' mapperInterface. Bean already defined with the same name!
2026-03-19T12:20:57.931+08:00  WARN 8656 --- [forum-server] [main] o.m.s.mapper.ClassPathMapperScanner      : Skipping MapperFactoryBean with name 'commentMapper' and 'com.zcy.forum.mapper.primary.CommentMapper' mapperInterface. Bean already defined with the same name!
2026-03-19T12:20:57.931+08:00  WARN 8656 --- [forum-server] [main] o.m.s.mapper.ClassPathMapperScanner      : Skipping MapperFactoryBean with name 'conversationMessageMapper' and 'com.zcy.forum.mapper.primary.ConversationMessageMapper' mapperInterface. Bean already defined with the same name!
2026-03-19T12:20:57.931+08:00  WARN 8656 --- [forum-server] [main] o.m.s.mapper.ClassPathMapperScanner      : Skipping MapperFactoryBean with name 'likeMapper' and 'com.zcy.forum.mapper.primary.LikeMapper' mapperInterface. Bean already defined with the same name!
2026-03-19T12:20:57.932+08:00  WARN 8656 --- [forum-server] [main] o.m.s.mapper.ClassPathMapperScanner      : Skipping MapperFactoryBean with name 'notificationsMapper' and 'com.zcy.forum.mapper.primary.NotificationsMapper' mapperInterface. Bean already defined with the same name!
2026-03-19T12:20:57.932+08:00  WARN 8656 --- [forum-server] [main] o.m.s.mapper.ClassPathMapperScanner      : Skipping MapperFactoryBean with name 'notifyMapper' and 'com.zcy.forum.mapper.primary.NotifyMapper' mapperInterface. Bean already defined with the same name!
2026-03-19T12:20:57.932+08:00  WARN 8656 --- [forum-server] [main] o.m.s.mapper.ClassPathMapperScanner      : Skipping MapperFactoryBean with name 'postDraftsMapper' and 'com.zcy.forum.mapper.primary.PostDraftsMapper' mapperInterface. Bean already defined with the same name!
2026-03-19T12:20:57.932+08:00  WARN 8656 --- [forum-server] [main] o.m.s.mapper.ClassPathMapperScanner      : Skipping MapperFactoryBean with name 'postMapper' and 'com.zcy.forum.mapper.primary.PostMapper' mapperInterface. Bean already defined with the same name!
2026-03-19T12:20:57.932+08:00  WARN 8656 --- [forum-server] [main] o.m.s.mapper.ClassPathMapperScanner      : Skipping MapperFactoryBean with name 'searchHistoryMapper' and 'com.zcy.forum.mapper.primary.SearchHistoryMapper' mapperInterface. Bean already defined with the same name!
2026-03-19T12:20:57.932+08:00  WARN 8656 --- [forum-server] [main] o.m.s.mapper.ClassPathMapperScanner      : Skipping MapperFactoryBean with name 'searchSuggestMapper' and 'com.zcy.forum.mapper.primary.SearchSuggestMapper' mapperInterface. Bean already defined with the same name!
2026-03-19T12:20:57.932+08:00  WARN 8656 --- [forum-server] [main] o.m.s.mapper.ClassPathMapperScanner      : Skipping MapperFactoryBean with name 'sensitiveWordMapper' and 'com.zcy.forum.mapper.primary.SensitiveWordMapper' mapperInterface. Bean already defined with the same name!
2026-03-19T12:20:57.932+08:00  WARN 8656 --- [forum-server] [main] o.m.s.mapper.ClassPathMapperScanner      : Skipping MapperFactoryBean with name 'userConversationMapper' and 'com.zcy.forum.mapper.primary.UserConversationMapper' mapperInterface. Bean already defined with the same name!
2026-03-19T12:20:57.932+08:00  WARN 8656 --- [forum-server] [main] o.m.s.mapper.ClassPathMapperScanner      : Skipping MapperFactoryBean with name 'userMapper' and 'com.zcy.forum.mapper.primary.UserMapper' mapperInterface. Bean already defined with the same name!
2026-03-19T12:20:57.932+08:00  WARN 8656 --- [forum-server] [main] o.m.s.mapper.ClassPathMapperScanner      : No MyBatis mapper was found in '[com.zcy.forum.mapper]' package. Please check your configuration.
2026-03-19T12:20:58.070+08:00  WARN 8656 --- [forum-server] [main] trationDelegate$BeanPostProcessorChecker : Bean 'com.alibaba.cloud.nacos.NacosConfigAutoConfiguration' of type [com.alibaba.cloud.nacos.NacosConfigAutoConfiguration] is not eligible for getting processed by all BeanPostProcessors (for example: not eligible for auto-proxying). The currently created BeanPostProcessor [nacosAnnotationProcessor] is declared through a non-static factory method on that class; consider declaring it as static instead.
2026-03-19T12:20:58.075+08:00  WARN 8656 --- [forum-server] [main] trationDelegate$BeanPostProcessorChecker : Bean 'nacosConfigProperties' of type [com.alibaba.cloud.nacos.NacosConfigProperties] is not eligible for getting processed by all BeanPostProcessors (for example: not eligible for auto-proxying). Is this bean getting eagerly injected/applied to a currently created BeanPostProcessor [nacosAnnotationProcessor]? Check the corresponding BeanPostProcessor declaration and its dependencies/advisors. If this bean does not have to be post-processed, declare it with ROLE_INFRASTRUCTURE.
2026-03-19T12:20:58.137+08:00  INFO 8656 --- [forum-server] [main] c.a.n.p.a.s.c.ClientAuthPluginManager    : [ClientAuthPluginManager] Load ClientAuthService com.alibaba.nacos.client.auth.impl.NacosClientAuthServiceImpl success.
2026-03-19T12:20:58.137+08:00  INFO 8656 --- [forum-server] [main] c.a.n.p.a.s.c.ClientAuthPluginManager    : [ClientAuthPluginManager] Load ClientAuthService com.alibaba.nacos.client.auth.ram.RamClientAuthServiceImpl success.
2026-03-19T12:20:58.139+08:00  WARN 8656 --- [forum-server] [main] trationDelegate$BeanPostProcessorChecker : Bean 'nacosConfigManager' of type [com.alibaba.cloud.nacos.NacosConfigManager] is not eligible for getting processed by all BeanPostProcessors (for example: not eligible for auto-proxying). Is this bean getting eagerly injected/applied to a currently created BeanPostProcessor [nacosAnnotationProcessor]? Check the corresponding BeanPostProcessor declaration and its dependencies/advisors. If this bean does not have to be post-processed, declare it with ROLE_INFRASTRUCTURE.
2026-03-19T12:20:58.662+08:00  INFO 8656 --- [forum-server] [main] o.s.b.w.embedded.tomcat.TomcatWebServer  : Tomcat initialized with port 8080 (http)
2026-03-19T12:20:58.674+08:00  INFO 8656 --- [forum-server] [main] o.apache.catalina.core.StandardService   : Starting service [Tomcat]
2026-03-19T12:20:58.675+08:00  INFO 8656 --- [forum-server] [main] o.apache.catalina.core.StandardEngine    : Starting Servlet engine: [Apache Tomcat/10.1.31]
2026-03-19T12:20:58.737+08:00  INFO 8656 --- [forum-server] [main] o.a.c.c.C.[Tomcat].[localhost].[/]       : Initializing Spring embedded WebApplicationContext
2026-03-19T12:20:58.737+08:00  INFO 8656 --- [forum-server] [main] w.s.c.ServletWebServerApplicationContext : Root WebApplicationContext: initialization completed in 3576 ms
2026-03-19T12:21:00.238+08:00  INFO 8656 --- [forum-server] [main] o.s.a.v.pgvector.PgVectorStore           : Using the vector table name: vector_store. Is empty: false
2026-03-19T12:21:00.241+08:00  INFO 8656 --- [forum-server] [main] o.s.a.v.pgvector.PgVectorStore           : Initializing PGVectorStore schema for table: vector_store in schema: public
2026-03-19T12:21:00.241+08:00  INFO 8656 --- [forum-server] [main] o.s.a.v.pgvector.PgVectorStore           : vectorTableValidationsEnabled false
2026-03-19T12:21:01.731+08:00  INFO 8656 --- [forum-server] [main] org.quartz.impl.StdSchedulerFactory      : Using default implementation for ThreadExecutor
2026-03-19T12:21:01.744+08:00  INFO 8656 --- [forum-server] [main] org.quartz.core.SchedulerSignalerImpl    : Initialized Scheduler Signaller of type: class org.quartz.core.SchedulerSignalerImpl
2026-03-19T12:21:01.744+08:00  INFO 8656 --- [forum-server] [main] org.quartz.core.QuartzScheduler          : Quartz Scheduler v.2.3.2 created.
2026-03-19T12:21:01.744+08:00  INFO 8656 --- [forum-server] [main] org.quartz.simpl.RAMJobStore             : RAMJobStore initialized.
2026-03-19T12:21:01.745+08:00  INFO 8656 --- [forum-server] [main] org.quartz.core.QuartzScheduler          : Scheduler meta-data: Quartz Scheduler (v2.3.2) 'quartzScheduler' with instanceId 'NON_CLUSTERED'
  Scheduler class: 'org.quartz.core.QuartzScheduler' - running locally.
  NOT STARTED.
  Currently in standby mode.
  Number of jobs executed: 0
  Using thread pool 'org.quartz.simpl.SimpleThreadPool' - with 10 threads.
  Using job-store 'org.quartz.simpl.RAMJobStore' - which does not support persistence. and is not clustered.

2026-03-19T12:21:01.745+08:00  INFO 8656 --- [forum-server] [main] org.quartz.impl.StdSchedulerFactory      : Quartz scheduler 'quartzScheduler' initialized from an externally provided properties instance.
2026-03-19T12:21:01.745+08:00  INFO 8656 --- [forum-server] [main] org.quartz.impl.StdSchedulerFactory      : Quartz scheduler version: 2.3.2
2026-03-19T12:21:01.745+08:00  INFO 8656 --- [forum-server] [main] org.quartz.core.QuartzScheduler          : JobFactory set to: org.springframework.scheduling.quartz.SpringBeanJobFactory@288d038b
2026-03-19T12:21:01.852+08:00  INFO 8656 --- [forum-server] [main] o.s.b.w.embedded.tomcat.TomcatWebServer  : Tomcat started on port 8080 (http) with context path '/'
2026-03-19T12:21:01.854+08:00  INFO 8656 --- [forum-server] [main] o.s.a.r.c.CachingConnectionFactory       : Attempting to connect to: [localhost:5672]
2026-03-19T12:21:01.899+08:00  INFO 8656 --- [forum-server] [main] o.s.a.r.c.CachingConnectionFactory       : Created new connection: rabbitConnectionFactory#634f4666:0/SimpleConnection@45c119b [delegate=amqp://guest@127.0.0.1:5672/, localPort=60637]
2026-03-19T12:21:01.961+08:00  INFO 8656 --- [forum-server] [main] o.s.s.quartz.SchedulerFactoryBean        : Starting Quartz Scheduler now
2026-03-19T12:21:01.961+08:00  INFO 8656 --- [forum-server] [main] org.quartz.core.QuartzScheduler          : Scheduler quartzScheduler_$_NON_CLUSTERED started.
2026-03-19T12:21:01.969+08:00  INFO 8656 --- [forum-server] [main] com.zcy.forum.ForumApplication           : Started ForumApplication in 7.411 seconds (process running for 8.947)
2026-03-19T12:21:12.907+08:00  INFO 8656 --- [forum-server] [http-nio-8080-exec-1] o.a.c.c.C.[Tomcat].[localhost].[/]       : Initializing Spring DispatcherServlet 'dispatcherServlet'
2026-03-19T12:21:12.908+08:00  INFO 8656 --- [forum-server] [http-nio-8080-exec-1] o.s.web.servlet.DispatcherServlet        : Initializing Servlet 'dispatcherServlet'
2026-03-19T12:21:12.911+08:00  INFO 8656 --- [forum-server] [http-nio-8080-exec-1] o.s.web.servlet.DispatcherServlet        : Completed initialization in 2 ms
2026-03-19T12:21:17.643+08:00  INFO 8656 --- [forum-server] [http-nio-8080-exec-9] o.springdoc.api.AbstractOpenApiResource  : Init duration for springdoc-openapi is: 3685 ms
2026-03-19T12:21:29.259+08:00 ERROR 8656 --- [forum-server] [http-nio-8080-exec-1] c.z.f.handler.GlobalExceptionHandler     : 【全局异常】请求路径：/category/list，异常类型：IllegalArgumentException，异常信息：'expressionString' must not be null or blank

java.lang.IllegalArgumentException: 'expressionString' must not be null or blank
	at org.springframework.util.Assert.hasText(Assert.java:240) ~[spring-core-6.1.14.jar:6.1.14]
	at org.springframework.expression.common.TemplateAwareExpressionParser.parseExpression(TemplateAwareExpressionParser.java:55) ~[spring-expression-6.1.14.jar:6.1.14]
	at org.springframework.expression.common.TemplateAwareExpressionParser.parseExpression(TemplateAwareExpressionParser.java:45) ~[spring-expression-6.1.14.jar:6.1.14]
	at com.zcy.forum.utils.SpElUtil.parseKey(SpElUtil.java:28) ~[classes/:na]
	at com.zcy.forum.aspect.CacheAspect.cacheResult(CacheAspect.java:31) ~[classes/:na]
	at java.base/jdk.internal.reflect.NativeMethodAccessorImpl.invoke0(Native Method) ~[na:na]
	at java.base/jdk.internal.reflect.NativeMethodAccessorImpl.invoke(NativeMethodAccessorImpl.java:77) ~[na:na]
	at java.base/jdk.internal.reflect.DelegatingMethodAccessorImpl.invoke(DelegatingMethodAccessorImpl.java:43) ~[na:na]
	at java.base/java.lang.reflect.Method.invoke(Method.java:569) ~[na:na]
	at org.springframework.aop.aspectj.AbstractAspectJAdvice.invokeAdviceMethodWithGivenArgs(AbstractAspectJAdvice.java:637) ~[spring-aop-6.1.14.jar:6.1.14]
	at org.springframework.aop.aspectj.AbstractAspectJAdvice.invokeAdviceMethod(AbstractAspectJAdvice.java:627) ~[spring-aop-6.1.14.jar:6.1.14]
	at org.springframework.aop.aspectj.AspectJAroundAdvice.invoke(AspectJAroundAdvice.java:71) ~[spring-aop-6.1.14.jar:6.1.14]
	at org.springframework.aop.framework.ReflectiveMethodInvocation.proceed(ReflectiveMethodInvocation.java:173) ~[spring-aop-6.1.14.jar:6.1.14]
	at org.springframework.aop.framework.CglibAopProxy$CglibMethodInvocation.proceed(CglibAopProxy.java:768) ~[spring-aop-6.1.14.jar:6.1.14]
	at org.springframework.aop.interceptor.ExposeInvocationInterceptor.invoke(ExposeInvocationInterceptor.java:97) ~[spring-aop-6.1.14.jar:6.1.14]
	at org.springframework.aop.framework.ReflectiveMethodInvocation.proceed(ReflectiveMethodInvocation.java:184) ~[spring-aop-6.1.14.jar:6.1.14]
	at org.springframework.aop.framework.CglibAopProxy$CglibMethodInvocation.proceed(CglibAopProxy.java:768) ~[spring-aop-6.1.14.jar:6.1.14]
	at org.springframework.aop.framework.CglibAopProxy$DynamicAdvisedInterceptor.intercept(CglibAopProxy.java:720) ~[spring-aop-6.1.14.jar:6.1.14]
	at com.zcy.forum.service.impl.CategoryServiceImpl$$SpringCGLIB$$0.listAllModel(<generated>) ~[classes/:na]
	at com.zcy.forum.controller.CategoryController.queryTotalCategories(CategoryController.java:29) ~[classes/:na]
	at java.base/jdk.internal.reflect.NativeMethodAccessorImpl.invoke0(Native Method) ~[na:na]
	at java.base/jdk.internal.reflect.NativeMethodAccessorImpl.invoke(NativeMethodAccessorImpl.java:77) ~[na:na]
	at java.base/jdk.internal.reflect.DelegatingMethodAccessorImpl.invoke(DelegatingMethodAccessorImpl.java:43) ~[na:na]
	at java.base/java.lang.reflect.Method.invoke(Method.java:569) ~[na:na]
	at org.springframework.web.method.support.InvocableHandlerMethod.doInvoke(InvocableHandlerMethod.java:255) ~[spring-web-6.1.14.jar:6.1.14]
	at org.springframework.web.method.support.InvocableHandlerMethod.invokeForRequest(InvocableHandlerMethod.java:188) ~[spring-web-6.1.14.jar:6.1.14]
	at org.springframework.web.servlet.mvc.method.annotation.ServletInvocableHandlerMethod.invokeAndHandle(ServletInvocableHandlerMethod.java:118) ~[spring-webmvc-6.1.14.jar:6.1.14]
	at org.springframework.web.servlet.mvc.method.annotation.RequestMappingHandlerAdapter.invokeHandlerMethod(RequestMappingHandlerAdapter.java:926) ~[spring-webmvc-6.1.14.jar:6.1.14]
	at org.springframework.web.servlet.mvc.method.annotation.RequestMappingHandlerAdapter.handleInternal(RequestMappingHandlerAdapter.java:831) ~[spring-webmvc-6.1.14.jar:6.1.14]
	at org.springframework.web.servlet.mvc.method.AbstractHandlerMethodAdapter.handle(AbstractHandlerMethodAdapter.java:87) ~[spring-webmvc-6.1.14.jar:6.1.14]
	at org.springframework.web.servlet.DispatcherServlet.doDispatch(DispatcherServlet.java:1089) ~[spring-webmvc-6.1.14.jar:6.1.14]
	at org.springframework.web.servlet.DispatcherServlet.doService(DispatcherServlet.java:979) ~[spring-webmvc-6.1.14.jar:6.1.14]
	at org.springframework.web.servlet.FrameworkServlet.processRequest(FrameworkServlet.java:1014) ~[spring-webmvc-6.1.14.jar:6.1.14]
	at org.springframework.web.servlet.FrameworkServlet.doGet(FrameworkServlet.java:903) ~[spring-webmvc-6.1.14.jar:6.1.14]
	at jakarta.servlet.http.HttpServlet.service(HttpServlet.java:564) ~[tomcat-embed-core-10.1.31.jar:6.0]
	at org.springframework.web.servlet.FrameworkServlet.service(FrameworkServlet.java:885) ~[spring-webmvc-6.1.14.jar:6.1.14]
	at jakarta.servlet.http.HttpServlet.service(HttpServlet.java:658) ~[tomcat-embed-core-10.1.31.jar:6.0]
	at org.apache.catalina.core.ApplicationFilterChain.internalDoFilter(ApplicationFilterChain.java:195) ~[tomcat-embed-core-10.1.31.jar:10.1.31]
	at org.apache.catalina.core.ApplicationFilterChain.doFilter(ApplicationFilterChain.java:140) ~[tomcat-embed-core-10.1.31.jar:10.1.31]
	at org.apache.tomcat.websocket.server.WsFilter.doFilter(WsFilter.java:51) ~[tomcat-embed-websocket-10.1.31.jar:10.1.31]
	at org.apache.catalina.core.ApplicationFilterChain.internalDoFilter(ApplicationFilterChain.java:164) ~[tomcat-embed-core-10.1.31.jar:10.1.31]
	at org.apache.catalina.core.ApplicationFilterChain.doFilter(ApplicationFilterChain.java:140) ~[tomcat-embed-core-10.1.31.jar:10.1.31]
	at org.springframework.web.filter.RequestContextFilter.doFilterInternal(RequestContextFilter.java:100) ~[spring-web-6.1.14.jar:6.1.14]
	at org.springframework.web.filter.OncePerRequestFilter.doFilter(OncePerRequestFilter.java:116) ~[spring-web-6.1.14.jar:6.1.14]
	at org.apache.catalina.core.ApplicationFilterChain.internalDoFilter(ApplicationFilterChain.java:164) ~[tomcat-embed-core-10.1.31.jar:10.1.31]
	at org.apache.catalina.core.ApplicationFilterChain.doFilter(ApplicationFilterChain.java:140) ~[tomcat-embed-core-10.1.31.jar:10.1.31]
	at org.springframework.web.filter.FormContentFilter.doFilterInternal(FormContentFilter.java:93) ~[spring-web-6.1.14.jar:6.1.14]
	at org.springframework.web.filter.OncePerRequestFilter.doFilter(OncePerRequestFilter.java:116) ~[spring-web-6.1.14.jar:6.1.14]
	at org.apache.catalina.core.ApplicationFilterChain.internalDoFilter(ApplicationFilterChain.java:164) ~[tomcat-embed-core-10.1.31.jar:10.1.31]
	at org.apache.catalina.core.ApplicationFilterChain.doFilter(ApplicationFilterChain.java:140) ~[tomcat-embed-core-10.1.31.jar:10.1.31]
	at org.springframework.web.filter.CharacterEncodingFilter.doFilterInternal(CharacterEncodingFilter.java:201) ~[spring-web-6.1.14.jar:6.1.14]
	at org.springframework.web.filter.OncePerRequestFilter.doFilter(OncePerRequestFilter.java:116) ~[spring-web-6.1.14.jar:6.1.14]
	at org.apache.catalina.core.ApplicationFilterChain.internalDoFilter(ApplicationFilterChain.java:164) ~[tomcat-embed-core-10.1.31.jar:10.1.31]
	at org.apache.catalina.core.ApplicationFilterChain.doFilter(ApplicationFilterChain.java:140) ~[tomcat-embed-core-10.1.31.jar:10.1.31]
	at org.apache.catalina.core.StandardWrapperValve.invoke(StandardWrapperValve.java:167) ~[tomcat-embed-core-10.1.31.jar:10.1.31]
	at org.apache.catalina.core.StandardContextValve.invoke(StandardContextValve.java:90) ~[tomcat-embed-core-10.1.31.jar:10.1.31]
	at org.apache.catalina.authenticator.AuthenticatorBase.invoke(AuthenticatorBase.java:483) ~[tomcat-embed-core-10.1.31.jar:10.1.31]
	at org.apache.catalina.core.StandardHostValve.invoke(StandardHostValve.java:115) ~[tomcat-embed-core-10.1.31.jar:10.1.31]
	at org.apache.catalina.valves.ErrorReportValve.invoke(ErrorReportValve.java:93) ~[tomcat-embed-core-10.1.31.jar:10.1.31]
	at org.apache.catalina.core.StandardEngineValve.invoke(StandardEngineValve.java:74) ~[tomcat-embed-core-10.1.31.jar:10.1.31]
	at org.apache.catalina.connector.CoyoteAdapter.service(CoyoteAdapter.java:344) ~[tomcat-embed-core-10.1.31.jar:10.1.31]
	at org.apache.coyote.http11.Http11Processor.service(Http11Processor.java:384) ~[tomcat-embed-core-10.1.31.jar:10.1.31]
	at org.apache.coyote.AbstractProcessorLight.process(AbstractProcessorLight.java:63) ~[tomcat-embed-core-10.1.31.jar:10.1.31]
	at org.apache.coyote.AbstractProtocol$ConnectionHandler.process(AbstractProtocol.java:905) ~[tomcat-embed-core-10.1.31.jar:10.1.31]
	at org.apache.tomcat.util.net.NioEndpoint$SocketProcessor.doRun(NioEndpoint.java:1741) ~[tomcat-embed-core-10.1.31.jar:10.1.31]
	at org.apache.tomcat.util.net.SocketProcessorBase.run(SocketProcessorBase.java:52) ~[tomcat-embed-core-10.1.31.jar:10.1.31]
	at org.apache.tomcat.util.threads.ThreadPoolExecutor.runWorker(ThreadPoolExecutor.java:1190) ~[tomcat-embed-core-10.1.31.jar:10.1.31]
	at org.apache.tomcat.util.threads.ThreadPoolExecutor$Worker.run(ThreadPoolExecutor.java:659) ~[tomcat-embed-core-10.1.31.jar:10.1.31]
	at org.apache.tomcat.util.threads.TaskThread$WrappingRunnable.run(TaskThread.java:63) ~[tomcat-embed-core-10.1.31.jar:10.1.31]
	at java.base/java.lang.Thread.run(Thread.java:840) ~[na:na]

2026-03-19T12:22:30.638+08:00  WARN 8656 --- [forum-server] [Thread-15] c.a.n.common.http.HttpClientBeanHolder   : [HttpClientBeanHolder] Start destroying common HttpClient
2026-03-19T12:22:30.638+08:00  WARN 8656 --- [forum-server] [Thread-1] c.a.n.common.executor.ThreadPoolManager  : [ThreadPoolManager] Start destroying ThreadPool
2026-03-19T12:22:30.639+08:00  WARN 8656 --- [forum-server] [Thread-15] c.a.n.common.http.HttpClientBeanHolder   : [HttpClientBeanHolder] Destruction of the end
2026-03-19T12:22:30.640+08:00  WARN 8656 --- [forum-server] [Thread-1] c.a.n.common.executor.ThreadPoolManager  : [ThreadPoolManager] Destruction of the end
2026-03-19T12:22:30.645+08:00  INFO 8656 --- [forum-server] [org.springframework.amqp.rabbit.RabbitListenerEndpointContainer#0-2] o.s.a.r.l.SimpleMessageListenerContainer : Waiting for workers to finish.
2026-03-19T12:22:30.646+08:00  INFO 8656 --- [forum-server] [org.springframework.amqp.rabbit.RabbitListenerEndpointContainer#1-2] o.s.a.r.l.SimpleMessageListenerContainer : Waiting for workers to finish.
2026-03-19T12:22:30.647+08:00  INFO 8656 --- [forum-server] [org.springframework.amqp.rabbit.RabbitListenerEndpointContainer#2-2] o.s.a.r.l.SimpleMessageListenerContainer : Waiting for workers to finish.
2026-03-19T12:22:30.649+08:00  INFO 8656 --- [forum-server] [org.springframework.amqp.rabbit.RabbitListenerEndpointContainer#3-2] o.s.a.r.l.SimpleMessageListenerContainer : Waiting for workers to finish.
2026-03-19T12:22:30.650+08:00  INFO 8656 --- [forum-server] [org.springframework.amqp.rabbit.RabbitListenerEndpointContainer#4-2] o.s.a.r.l.SimpleMessageListenerContainer : Waiting for workers to finish.
2026-03-19T12:22:30.651+08:00  INFO 8656 --- [forum-server] [SpringApplicationShutdownHook] org.quartz.core.QuartzScheduler          : Scheduler quartzScheduler_$_NON_CLUSTERED paused.
2026-03-19T12:22:30.651+08:00  INFO 8656 --- [forum-server] [org.springframework.amqp.rabbit.RabbitListenerEndpointContainer#5-2] o.s.a.r.l.SimpleMessageListenerContainer : Waiting for workers to finish.
2026-03-19T12:22:31.359+08:00  INFO 8656 --- [forum-server] [org.springframework.amqp.rabbit.RabbitListenerEndpointContainer#3-2] o.s.a.r.l.SimpleMessageListenerContainer : Successfully waited for workers to finish.
2026-03-19T12:22:31.368+08:00  INFO 8656 --- [forum-server] [org.springframework.amqp.rabbit.RabbitListenerEndpointContainer#4-2] o.s.a.r.l.SimpleMessageListenerContainer : Successfully waited for workers to finish.
2026-03-19T12:22:31.368+08:00  INFO 8656 --- [forum-server] [org.springframework.amqp.rabbit.RabbitListenerEndpointContainer#0-2] o.s.a.r.l.SimpleMessageListenerContainer : Successfully waited for workers to finish.
2026-03-19T12:22:31.368+08:00  INFO 8656 --- [forum-server] [org.springframework.amqp.rabbit.RabbitListenerEndpointContainer#5-2] o.s.a.r.l.SimpleMessageListenerContainer : Successfully waited for workers to finish.
2026-03-19T12:22:31.368+08:00  INFO 8656 --- [forum-server] [org.springframework.amqp.rabbit.RabbitListenerEndpointContainer#1-2] o.s.a.r.l.SimpleMessageListenerContainer : Successfully waited for workers to finish.
2026-03-19T12:22:31.373+08:00  INFO 8656 --- [forum-server] [org.springframework.amqp.rabbit.RabbitListenerEndpointContainer#2-2] o.s.a.r.l.SimpleMessageListenerContainer : Successfully waited for workers to finish.
2026-03-19T12:22:31.439+08:00  INFO 8656 --- [forum-server] [SpringApplicationShutdownHook] o.s.s.quartz.SchedulerFactoryBean        : Shutting down Quartz Scheduler
2026-03-19T12:22:31.439+08:00  INFO 8656 --- [forum-server] [SpringApplicationShutdownHook] org.quartz.core.QuartzScheduler          : Scheduler quartzScheduler_$_NON_CLUSTERED shutting down.
2026-03-19T12:22:31.439+08:00  INFO 8656 --- [forum-server] [SpringApplicationShutdownHook] org.quartz.core.QuartzScheduler          : Scheduler quartzScheduler_$_NON_CLUSTERED paused.
2026-03-19T12:22:31.439+08:00  INFO 8656 --- [forum-server] [SpringApplicationShutdownHook] org.quartz.core.QuartzScheduler          : Scheduler quartzScheduler_$_NON_CLUSTERED shutdown complete.
2026-03-19T12:22:35.861+08:00  INFO 12300 --- [forum-server] [main] c.a.nacos.client.logging.NacosLogging    : Nacos Logging Adapter Builder: com.alibaba.nacos.logger.adapter.logback12.LogbackNacosLoggingAdapterBuilder
2026-03-19T12:22:35.867+08:00  INFO 12300 --- [forum-server] [main] c.a.nacos.client.logging.NacosLogging    : Nacos Logging Adapter Builder: com.alibaba.nacos.logger.adapter.logback14.LogbackNacosLoggingAdapterBuilder
2026-03-19T12:22:35.867+08:00  INFO 12300 --- [forum-server] [main] c.a.nacos.client.logging.NacosLogging    : Nacos Logging Adapter: com.alibaba.nacos.logger.adapter.logback14.LogbackNacosLoggingAdapter match ch.qos.logback.classic.Logger success.
2026-03-19T12:22:35.872+08:00  INFO 12300 --- [forum-server] [main] c.a.nacos.client.logging.NacosLogging    : Nacos Logging Adapter Builder: com.alibaba.nacos.logger.adapter.log4j2.Log4j2NacosLoggingAdapterBuilder
2026-03-19T12:22:35.991+08:00  INFO 12300 --- [forum-server] [main] com.zcy.forum.ForumApplication           : Starting ForumApplication using Java 17.0.16 with PID 12300 (D:\Java\Code\Project-forum\forum\target\classes started by zhangchengyi in D:\Java\Code\Project-forum)
2026-03-19T12:22:35.991+08:00 DEBUG 12300 --- [forum-server] [main] com.zcy.forum.ForumApplication           : Running with Spring Boot v3.3.5, Spring v6.1.14
2026-03-19T12:22:35.992+08:00  INFO 12300 --- [forum-server] [main] com.zcy.forum.ForumApplication           : No active profile set, falling back to 1 default profile: "default"
2026-03-19T12:22:36.820+08:00  INFO 12300 --- [forum-server] [main] .s.d.r.c.RepositoryConfigurationDelegate : Multiple Spring Data modules found, entering strict repository configuration mode
2026-03-19T12:22:36.821+08:00  INFO 12300 --- [forum-server] [main] .s.d.r.c.RepositoryConfigurationDelegate : Bootstrapping Spring Data Redis repositories in DEFAULT mode.
2026-03-19T12:22:36.850+08:00  INFO 12300 --- [forum-server] [main] .s.d.r.c.RepositoryConfigurationDelegate : Finished Spring Data repository scanning in 19 ms. Found 0 Redis repository interfaces.
2026-03-19T12:22:36.917+08:00  WARN 12300 --- [forum-server] [main] o.m.s.mapper.ClassPathMapperScanner      : No MyBatis mapper was found in '[com.zcy.forum.mapper.secondary]' package. Please check your configuration.
2026-03-19T12:22:36.919+08:00  WARN 12300 --- [forum-server] [main] o.m.s.mapper.ClassPathMapperScanner      : Skipping MapperFactoryBean with name 'AIServiceMapper' and 'com.zcy.forum.mapper.primary.AIServiceMapper' mapperInterface. Bean already defined with the same name!
2026-03-19T12:22:36.919+08:00  WARN 12300 --- [forum-server] [main] o.m.s.mapper.ClassPathMapperScanner      : Skipping MapperFactoryBean with name 'categoryMapper' and 'com.zcy.forum.mapper.primary.CategoryMapper' mapperInterface. Bean already defined with the same name!
2026-03-19T12:22:36.919+08:00  WARN 12300 --- [forum-server] [main] o.m.s.mapper.ClassPathMapperScanner      : Skipping MapperFactoryBean with name 'chatConversationMapper' and 'com.zcy.forum.mapper.primary.ChatConversationMapper' mapperInterface. Bean already defined with the same name!
2026-03-19T12:22:36.919+08:00  WARN 12300 --- [forum-server] [main] o.m.s.mapper.ClassPathMapperScanner      : Skipping MapperFactoryBean with name 'chatMessageMapper' and 'com.zcy.forum.mapper.primary.ChatMessageMapper' mapperInterface. Bean already defined with the same name!
2026-03-19T12:22:36.919+08:00  WARN 12300 --- [forum-server] [main] o.m.s.mapper.ClassPathMapperScanner      : Skipping MapperFactoryBean with name 'commentMapper' and 'com.zcy.forum.mapper.primary.CommentMapper' mapperInterface. Bean already defined with the same name!
2026-03-19T12:22:36.919+08:00  WARN 12300 --- [forum-server] [main] o.m.s.mapper.ClassPathMapperScanner      : Skipping MapperFactoryBean with name 'conversationMessageMapper' and 'com.zcy.forum.mapper.primary.ConversationMessageMapper' mapperInterface. Bean already defined with the same name!
2026-03-19T12:22:36.919+08:00  WARN 12300 --- [forum-server] [main] o.m.s.mapper.ClassPathMapperScanner      : Skipping MapperFactoryBean with name 'likeMapper' and 'com.zcy.forum.mapper.primary.LikeMapper' mapperInterface. Bean already defined with the same name!
2026-03-19T12:22:36.919+08:00  WARN 12300 --- [forum-server] [main] o.m.s.mapper.ClassPathMapperScanner      : Skipping MapperFactoryBean with name 'notificationsMapper' and 'com.zcy.forum.mapper.primary.NotificationsMapper' mapperInterface. Bean already defined with the same name!
2026-03-19T12:22:36.920+08:00  WARN 12300 --- [forum-server] [main] o.m.s.mapper.ClassPathMapperScanner      : Skipping MapperFactoryBean with name 'notifyMapper' and 'com.zcy.forum.mapper.primary.NotifyMapper' mapperInterface. Bean already defined with the same name!
2026-03-19T12:22:36.920+08:00  WARN 12300 --- [forum-server] [main] o.m.s.mapper.ClassPathMapperScanner      : Skipping MapperFactoryBean with name 'postDraftsMapper' and 'com.zcy.forum.mapper.primary.PostDraftsMapper' mapperInterface. Bean already defined with the same name!
2026-03-19T12:22:36.920+08:00  WARN 12300 --- [forum-server] [main] o.m.s.mapper.ClassPathMapperScanner      : Skipping MapperFactoryBean with name 'postMapper' and 'com.zcy.forum.mapper.primary.PostMapper' mapperInterface. Bean already defined with the same name!
2026-03-19T12:22:36.920+08:00  WARN 12300 --- [forum-server] [main] o.m.s.mapper.ClassPathMapperScanner      : Skipping MapperFactoryBean with name 'searchHistoryMapper' and 'com.zcy.forum.mapper.primary.SearchHistoryMapper' mapperInterface. Bean already defined with the same name!
2026-03-19T12:22:36.920+08:00  WARN 12300 --- [forum-server] [main] o.m.s.mapper.ClassPathMapperScanner      : Skipping MapperFactoryBean with name 'searchSuggestMapper' and 'com.zcy.forum.mapper.primary.SearchSuggestMapper' mapperInterface. Bean already defined with the same name!
2026-03-19T12:22:36.920+08:00  WARN 12300 --- [forum-server] [main] o.m.s.mapper.ClassPathMapperScanner      : Skipping MapperFactoryBean with name 'sensitiveWordMapper' and 'com.zcy.forum.mapper.primary.SensitiveWordMapper' mapperInterface. Bean already defined with the same name!
2026-03-19T12:22:36.920+08:00  WARN 12300 --- [forum-server] [main] o.m.s.mapper.ClassPathMapperScanner      : Skipping MapperFactoryBean with name 'userConversationMapper' and 'com.zcy.forum.mapper.primary.UserConversationMapper' mapperInterface. Bean already defined with the same name!
2026-03-19T12:22:36.920+08:00  WARN 12300 --- [forum-server] [main] o.m.s.mapper.ClassPathMapperScanner      : Skipping MapperFactoryBean with name 'userMapper' and 'com.zcy.forum.mapper.primary.UserMapper' mapperInterface. Bean already defined with the same name!
2026-03-19T12:22:36.920+08:00  WARN 12300 --- [forum-server] [main] o.m.s.mapper.ClassPathMapperScanner      : No MyBatis mapper was found in '[com.zcy.forum.mapper]' package. Please check your configuration.
2026-03-19T12:22:37.041+08:00  WARN 12300 --- [forum-server] [main] trationDelegate$BeanPostProcessorChecker : Bean 'com.alibaba.cloud.nacos.NacosConfigAutoConfiguration' of type [com.alibaba.cloud.nacos.NacosConfigAutoConfiguration] is not eligible for getting processed by all BeanPostProcessors (for example: not eligible for auto-proxying). The currently created BeanPostProcessor [nacosAnnotationProcessor] is declared through a non-static factory method on that class; consider declaring it as static instead.
2026-03-19T12:22:37.046+08:00  WARN 12300 --- [forum-server] [main] trationDelegate$BeanPostProcessorChecker : Bean 'nacosConfigProperties' of type [com.alibaba.cloud.nacos.NacosConfigProperties] is not eligible for getting processed by all BeanPostProcessors (for example: not eligible for auto-proxying). Is this bean getting eagerly injected/applied to a currently created BeanPostProcessor [nacosAnnotationProcessor]? Check the corresponding BeanPostProcessor declaration and its dependencies/advisors. If this bean does not have to be post-processed, declare it with ROLE_INFRASTRUCTURE.
2026-03-19T12:22:37.094+08:00  INFO 12300 --- [forum-server] [main] c.a.n.p.a.s.c.ClientAuthPluginManager    : [ClientAuthPluginManager] Load ClientAuthService com.alibaba.nacos.client.auth.impl.NacosClientAuthServiceImpl success.
2026-03-19T12:22:37.096+08:00  INFO 12300 --- [forum-server] [main] c.a.n.p.a.s.c.ClientAuthPluginManager    : [ClientAuthPluginManager] Load ClientAuthService com.alibaba.nacos.client.auth.ram.RamClientAuthServiceImpl success.
2026-03-19T12:22:37.097+08:00  WARN 12300 --- [forum-server] [main] trationDelegate$BeanPostProcessorChecker : Bean 'nacosConfigManager' of type [com.alibaba.cloud.nacos.NacosConfigManager] is not eligible for getting processed by all BeanPostProcessors (for example: not eligible for auto-proxying). Is this bean getting eagerly injected/applied to a currently created BeanPostProcessor [nacosAnnotationProcessor]? Check the corresponding BeanPostProcessor declaration and its dependencies/advisors. If this bean does not have to be post-processed, declare it with ROLE_INFRASTRUCTURE.
2026-03-19T12:22:37.509+08:00  INFO 12300 --- [forum-server] [main] o.s.b.w.embedded.tomcat.TomcatWebServer  : Tomcat initialized with port 8080 (http)
2026-03-19T12:22:37.525+08:00  INFO 12300 --- [forum-server] [main] o.apache.catalina.core.StandardService   : Starting service [Tomcat]
2026-03-19T12:22:37.525+08:00  INFO 12300 --- [forum-server] [main] o.apache.catalina.core.StandardEngine    : Starting Servlet engine: [Apache Tomcat/10.1.31]
2026-03-19T12:22:37.580+08:00  INFO 12300 --- [forum-server] [main] o.a.c.c.C.[Tomcat].[localhost].[/]       : Initializing Spring embedded WebApplicationContext
2026-03-19T12:22:37.580+08:00  INFO 12300 --- [forum-server] [main] w.s.c.ServletWebServerApplicationContext : Root WebApplicationContext: initialization completed in 1446 ms
2026-03-19T12:22:38.770+08:00  INFO 12300 --- [forum-server] [main] o.s.a.v.pgvector.PgVectorStore           : Using the vector table name: vector_store. Is empty: false
2026-03-19T12:22:38.773+08:00  INFO 12300 --- [forum-server] [main] o.s.a.v.pgvector.PgVectorStore           : Initializing PGVectorStore schema for table: vector_store in schema: public
2026-03-19T12:22:38.773+08:00  INFO 12300 --- [forum-server] [main] o.s.a.v.pgvector.PgVectorStore           : vectorTableValidationsEnabled false
2026-03-19T12:22:40.111+08:00  INFO 12300 --- [forum-server] [main] org.quartz.impl.StdSchedulerFactory      : Using default implementation for ThreadExecutor
2026-03-19T12:22:40.118+08:00  INFO 12300 --- [forum-server] [main] org.quartz.core.SchedulerSignalerImpl    : Initialized Scheduler Signaller of type: class org.quartz.core.SchedulerSignalerImpl
2026-03-19T12:22:40.118+08:00  INFO 12300 --- [forum-server] [main] org.quartz.core.QuartzScheduler          : Quartz Scheduler v.2.3.2 created.
2026-03-19T12:22:40.119+08:00  INFO 12300 --- [forum-server] [main] org.quartz.simpl.RAMJobStore             : RAMJobStore initialized.
2026-03-19T12:22:40.119+08:00  INFO 12300 --- [forum-server] [main] org.quartz.core.QuartzScheduler          : Scheduler meta-data: Quartz Scheduler (v2.3.2) 'quartzScheduler' with instanceId 'NON_CLUSTERED'
  Scheduler class: 'org.quartz.core.QuartzScheduler' - running locally.
  NOT STARTED.
  Currently in standby mode.
  Number of jobs executed: 0
  Using thread pool 'org.quartz.simpl.SimpleThreadPool' - with 10 threads.
  Using job-store 'org.quartz.simpl.RAMJobStore' - which does not support persistence. and is not clustered.

2026-03-19T12:22:40.119+08:00  INFO 12300 --- [forum-server] [main] org.quartz.impl.StdSchedulerFactory      : Quartz scheduler 'quartzScheduler' initialized from an externally provided properties instance.
2026-03-19T12:22:40.119+08:00  INFO 12300 --- [forum-server] [main] org.quartz.impl.StdSchedulerFactory      : Quartz scheduler version: 2.3.2
2026-03-19T12:22:40.119+08:00  INFO 12300 --- [forum-server] [main] org.quartz.core.QuartzScheduler          : JobFactory set to: org.springframework.scheduling.quartz.SpringBeanJobFactory@62f88601
2026-03-19T12:22:40.225+08:00  INFO 12300 --- [forum-server] [main] o.s.b.w.embedded.tomcat.TomcatWebServer  : Tomcat started on port 8080 (http) with context path '/'
2026-03-19T12:22:40.226+08:00  INFO 12300 --- [forum-server] [main] o.s.a.r.c.CachingConnectionFactory       : Attempting to connect to: [localhost:5672]
2026-03-19T12:22:40.258+08:00  INFO 12300 --- [forum-server] [main] o.s.a.r.c.CachingConnectionFactory       : Created new connection: rabbitConnectionFactory#6fd6c395:0/SimpleConnection@4e77f150 [delegate=amqp://guest@127.0.0.1:5672/, localPort=56509]
2026-03-19T12:22:40.399+08:00  INFO 12300 --- [forum-server] [main] o.s.s.quartz.SchedulerFactoryBean        : Starting Quartz Scheduler now
2026-03-19T12:22:40.399+08:00  INFO 12300 --- [forum-server] [main] org.quartz.core.QuartzScheduler          : Scheduler quartzScheduler_$_NON_CLUSTERED started.
2026-03-19T12:22:40.413+08:00  INFO 12300 --- [forum-server] [main] com.zcy.forum.ForumApplication           : Started ForumApplication in 4.795 seconds (process running for 5.168)
2026-03-19T12:22:48.445+08:00  INFO 12300 --- [forum-server] [http-nio-8080-exec-1] o.a.c.c.C.[Tomcat].[localhost].[/]       : Initializing Spring DispatcherServlet 'dispatcherServlet'
2026-03-19T12:22:48.447+08:00  INFO 12300 --- [forum-server] [http-nio-8080-exec-1] o.s.web.servlet.DispatcherServlet        : Initializing Servlet 'dispatcherServlet'
2026-03-19T12:22:48.454+08:00  INFO 12300 --- [forum-server] [http-nio-8080-exec-1] o.s.web.servlet.DispatcherServlet        : Completed initialization in 7 ms
2026-03-19T12:22:50.883+08:00  INFO 12300 --- [forum-server] [http-nio-8080-exec-1] com.zaxxer.hikari.HikariDataSource       : HikariPool-1 - Starting...
2026-03-19T12:22:51.409+08:00  INFO 12300 --- [forum-server] [http-nio-8080-exec-1] com.zaxxer.hikari.pool.HikariPool        : HikariPool-1 - Added connection com.mysql.cj.jdbc.ConnectionImpl@7700275e
2026-03-19T12:22:51.421+08:00  INFO 12300 --- [forum-server] [http-nio-8080-exec-1] com.zaxxer.hikari.HikariDataSource       : HikariPool-1 - Start completed.
2026-03-19T12:22:51.433+08:00 DEBUG 12300 --- [forum-server] [http-nio-8080-exec-1] c.z.f.m.p.CategoryMapper.selectList      : ==>  Preparing: SELECT id,name,slug,description,icon,parent_id,sort,post_count,today_post_count,status,admin_id,created_at,updated_at,deleted_at FROM categories WHERE (parent_id = ? AND status = ?)
2026-03-19T12:22:51.553+08:00 DEBUG 12300 --- [forum-server] [http-nio-8080-exec-1] c.z.f.m.p.CategoryMapper.selectList      : ==> Parameters: 0(Long), 1(Integer)
2026-03-19T12:22:51.704+08:00 DEBUG 12300 --- [forum-server] [http-nio-8080-exec-1] c.z.f.m.p.CategoryMapper.selectList      : <==      Total: 10
2026-03-19T12:22:52.430+08:00  INFO 12300 --- [forum-server] [http-nio-8080-exec-1] com.zcy.forum.aspect.CacheAspect         : 【缓存回写】key:cache:categories0
2026-03-19T12:23:03.338+08:00  INFO 12300 --- [forum-server] [http-nio-8080-exec-5] com.zcy.forum.aspect.CacheAspect         : 【缓存命中】key:cache:categories0
2026-03-19T12:23:32.950+08:00 DEBUG 12300 --- [forum-server] [http-nio-8080-exec-9] c.z.f.m.primary.PostMapper.selectMaps    : ==>  Preparing: SELECT category_id,count(*) as count FROM posts WHERE (status = ? AND deleted_at IS NULL) GROUP BY category_id
2026-03-19T12:23:32.951+08:00 DEBUG 12300 --- [forum-server] [http-nio-8080-exec-9] c.z.f.m.primary.PostMapper.selectMaps    : ==> Parameters: 1(Integer)
2026-03-19T12:23:32.954+08:00 DEBUG 12300 --- [forum-server] [http-nio-8080-exec-9] c.z.f.m.primary.PostMapper.selectMaps    : <==      Total: 6
2026-03-19T12:23:32.957+08:00  INFO 12300 --- [forum-server] [http-nio-8080-exec-9] com.zcy.forum.aspect.CacheAspect         : 【缓存回写】key:cache:postCount0
2026-03-19T12:30:50.704+08:00 DEBUG 12300 --- [forum-server] [http-nio-8080-exec-6] c.z.f.m.p.PostMapper.selectList_mpCount  : ==>  Preparing: SELECT COUNT(*) AS total FROM posts WHERE (status = ?)
2026-03-19T12:30:50.705+08:00 DEBUG 12300 --- [forum-server] [http-nio-8080-exec-6] c.z.f.m.p.PostMapper.selectList_mpCount  : ==> Parameters: 1(Long)
2026-03-19T12:30:50.706+08:00 DEBUG 12300 --- [forum-server] [http-nio-8080-exec-6] c.z.f.m.p.PostMapper.selectList_mpCount  : <==      Total: 1
2026-03-19T12:30:50.708+08:00 DEBUG 12300 --- [forum-server] [http-nio-8080-exec-6] c.z.f.m.primary.PostMapper.selectList    : ==>  Preparing: SELECT id,user_id,category_id,title,slug,content,cover,excerpt,view_count,like_count,comment_count,collect_count,share_count,is_top,is_essence,is_hot,is_lock,audit_status,audit_user_id,audit_time,audit_remark,status,created_at,updated_at,deleted_at FROM posts WHERE (status = ?) ORDER BY created_at DESC LIMIT ?
2026-03-19T12:30:50.708+08:00 DEBUG 12300 --- [forum-server] [http-nio-8080-exec-6] c.z.f.m.primary.PostMapper.selectList    : ==> Parameters: 1(Long), 5(Long)
2026-03-19T12:30:50.713+08:00 DEBUG 12300 --- [forum-server] [http-nio-8080-exec-6] c.z.f.m.primary.PostMapper.selectList    : <==      Total: 5
2026-03-19T12:30:50.724+08:00  INFO 12300 --- [forum-server] [http-nio-8080-exec-6] com.zcy.forum.aspect.CacheAspect         : 【缓存回写】key:post:page:1:5:0
2026-03-19T12:31:25.809+08:00 DEBUG 12300 --- [forum-server] [http-nio-8080-exec-3] c.z.f.m.p.PostMapper.selectList_mpCount  : ==>  Preparing: SELECT COUNT(*) AS total FROM posts WHERE (status = ?)
2026-03-19T12:31:25.809+08:00 DEBUG 12300 --- [forum-server] [http-nio-8080-exec-3] c.z.f.m.p.PostMapper.selectList_mpCount  : ==> Parameters: 1(Long)
2026-03-19T12:31:25.810+08:00 DEBUG 12300 --- [forum-server] [http-nio-8080-exec-3] c.z.f.m.p.PostMapper.selectList_mpCount  : <==      Total: 1
2026-03-19T12:31:25.812+08:00 DEBUG 12300 --- [forum-server] [http-nio-8080-exec-3] c.z.f.m.primary.PostMapper.selectList    : ==>  Preparing: SELECT id,user_id,category_id,title,slug,content,cover,excerpt,view_count,like_count,comment_count,collect_count,share_count,is_top,is_essence,is_hot,is_lock,audit_status,audit_user_id,audit_time,audit_remark,status,created_at,updated_at,deleted_at FROM posts WHERE (status = ?) ORDER BY created_at DESC LIMIT ?,?
2026-03-19T12:31:25.812+08:00 DEBUG 12300 --- [forum-server] [http-nio-8080-exec-3] c.z.f.m.primary.PostMapper.selectList    : ==> Parameters: 1(Long), 5(Long), 5(Long)
2026-03-19T12:31:25.817+08:00 DEBUG 12300 --- [forum-server] [http-nio-8080-exec-3] c.z.f.m.primary.PostMapper.selectList    : <==      Total: 5
2026-03-19T12:31:25.819+08:00  INFO 12300 --- [forum-server] [http-nio-8080-exec-3] com.zcy.forum.aspect.CacheAspect         : 【缓存回写】key:post:page:2:5:0
2026-03-19T13:03:09.824+08:00  WARN 12300 --- [forum-server] [Thread-1] c.a.n.common.executor.ThreadPoolManager  : [ThreadPoolManager] Start destroying ThreadPool
2026-03-19T13:03:09.824+08:00  WARN 12300 --- [forum-server] [Thread-15] c.a.n.common.http.HttpClientBeanHolder   : [HttpClientBeanHolder] Start destroying common HttpClient
2026-03-19T13:03:09.824+08:00  WARN 12300 --- [forum-server] [Thread-1] c.a.n.common.executor.ThreadPoolManager  : [ThreadPoolManager] Destruction of the end
2026-03-19T13:03:09.824+08:00  WARN 12300 --- [forum-server] [Thread-15] c.a.n.common.http.HttpClientBeanHolder   : [HttpClientBeanHolder] Destruction of the end
2026-03-19T13:03:09.846+08:00  INFO 12300 --- [forum-server] [org.springframework.amqp.rabbit.RabbitListenerEndpointContainer#0-2] o.s.a.r.l.SimpleMessageListenerContainer : Waiting for workers to finish.
2026-03-19T13:03:09.853+08:00  INFO 12300 --- [forum-server] [org.springframework.amqp.rabbit.RabbitListenerEndpointContainer#1-2] o.s.a.r.l.SimpleMessageListenerContainer : Waiting for workers to finish.
2026-03-19T13:03:09.853+08:00  INFO 12300 --- [forum-server] [org.springframework.amqp.rabbit.RabbitListenerEndpointContainer#2-2] o.s.a.r.l.SimpleMessageListenerContainer : Waiting for workers to finish.
2026-03-19T13:03:09.853+08:00  INFO 12300 --- [forum-server] [org.springframework.amqp.rabbit.RabbitListenerEndpointContainer#3-2] o.s.a.r.l.SimpleMessageListenerContainer : Waiting for workers to finish.
2026-03-19T13:03:09.856+08:00  INFO 12300 --- [forum-server] [org.springframework.amqp.rabbit.RabbitListenerEndpointContainer#4-2] o.s.a.r.l.SimpleMessageListenerContainer : Waiting for workers to finish.
2026-03-19T13:03:09.856+08:00  INFO 12300 --- [forum-server] [SpringApplicationShutdownHook] org.quartz.core.QuartzScheduler          : Scheduler quartzScheduler_$_NON_CLUSTERED paused.
2026-03-19T13:03:09.858+08:00  INFO 12300 --- [forum-server] [org.springframework.amqp.rabbit.RabbitListenerEndpointContainer#5-2] o.s.a.r.l.SimpleMessageListenerContainer : Waiting for workers to finish.
2026-03-19T13:03:09.999+08:00  INFO 12300 --- [forum-server] [org.springframework.amqp.rabbit.RabbitListenerEndpointContainer#0-2] o.s.a.r.l.SimpleMessageListenerContainer : Successfully waited for workers to finish.
2026-03-19T13:03:10.222+08:00  INFO 12300 --- [forum-server] [org.springframework.amqp.rabbit.RabbitListenerEndpointContainer#5-2] o.s.a.r.l.SimpleMessageListenerContainer : Successfully waited for workers to finish.
2026-03-19T13:03:10.222+08:00  INFO 12300 --- [forum-server] [org.springframework.amqp.rabbit.RabbitListenerEndpointContainer#3-2] o.s.a.r.l.SimpleMessageListenerContainer : Successfully waited for workers to finish.
2026-03-19T13:03:10.348+08:00  INFO 12300 --- [forum-server] [org.springframework.amqp.rabbit.RabbitListenerEndpointContainer#4-2] o.s.a.r.l.SimpleMessageListenerContainer : Successfully waited for workers to finish.
2026-03-19T13:03:10.682+08:00  INFO 12300 --- [forum-server] [org.springframework.amqp.rabbit.RabbitListenerEndpointContainer#2-2] o.s.a.r.l.SimpleMessageListenerContainer : Successfully waited for workers to finish.
2026-03-19T13:03:10.682+08:00  INFO 12300 --- [forum-server] [org.springframework.amqp.rabbit.RabbitListenerEndpointContainer#1-2] o.s.a.r.l.SimpleMessageListenerContainer : Successfully waited for workers to finish.
2026-03-19T13:03:11.017+08:00  INFO 12300 --- [forum-server] [SpringApplicationShutdownHook] o.s.s.quartz.SchedulerFactoryBean        : Shutting down Quartz Scheduler
2026-03-19T13:03:11.017+08:00  INFO 12300 --- [forum-server] [SpringApplicationShutdownHook] org.quartz.core.QuartzScheduler          : Scheduler quartzScheduler_$_NON_CLUSTERED shutting down.
2026-03-19T13:03:11.017+08:00  INFO 12300 --- [forum-server] [SpringApplicationShutdownHook] org.quartz.core.QuartzScheduler          : Scheduler quartzScheduler_$_NON_CLUSTERED paused.
2026-03-19T13:03:11.017+08:00  INFO 12300 --- [forum-server] [SpringApplicationShutdownHook] org.quartz.core.QuartzScheduler          : Scheduler quartzScheduler_$_NON_CLUSTERED shutdown complete.
2026-03-19T13:03:11.049+08:00  INFO 12300 --- [forum-server] [SpringApplicationShutdownHook] com.zaxxer.hikari.HikariDataSource       : HikariPool-1 - Shutdown initiated...
2026-03-19T13:03:11.049+08:00  INFO 12300 --- [forum-server] [SpringApplicationShutdownHook] com.zaxxer.hikari.HikariDataSource       : HikariPool-1 - Shutdown completed.
