2026-03-13T15:29:04.101+08:00  INFO 25748 --- [forum-server] [main] c.a.nacos.client.logging.NacosLogging    : Nacos Logging Adapter Builder: com.alibaba.nacos.logger.adapter.logback12.LogbackNacosLoggingAdapterBuilder
2026-03-13T15:29:04.110+08:00  INFO 25748 --- [forum-server] [main] c.a.nacos.client.logging.NacosLogging    : Nacos Logging Adapter Builder: com.alibaba.nacos.logger.adapter.logback14.LogbackNacosLoggingAdapterBuilder
2026-03-13T15:29:04.112+08:00  INFO 25748 --- [forum-server] [main] c.a.nacos.client.logging.NacosLogging    : Nacos Logging Adapter: com.alibaba.nacos.logger.adapter.logback14.LogbackNacosLoggingAdapter match ch.qos.logback.classic.Logger success.
2026-03-13T15:29:04.121+08:00  INFO 25748 --- [forum-server] [main] c.a.nacos.client.logging.NacosLogging    : Nacos Logging Adapter Builder: com.alibaba.nacos.logger.adapter.log4j2.Log4j2NacosLoggingAdapterBuilder
2026-03-13T15:29:04.278+08:00  INFO 25748 --- [forum-server] [main] com.zcy.forum.ForumApplication           : Starting ForumApplication using Java 17.0.16 with PID 25748 (D:\Java\Code\Project-forum\forum\target\classes started by zhangchengyi in D:\Java\Code\Project-forum\forum)
2026-03-13T15:29:04.278+08:00 DEBUG 25748 --- [forum-server] [main] com.zcy.forum.ForumApplication           : Running with Spring Boot v3.3.5, Spring v6.1.14
2026-03-13T15:29:04.278+08:00  INFO 25748 --- [forum-server] [main] com.zcy.forum.ForumApplication           : No active profile set, falling back to 1 default profile: "default"
2026-03-13T15:29:07.197+08:00  INFO 25748 --- [forum-server] [main] .s.d.r.c.RepositoryConfigurationDelegate : Multiple Spring Data modules found, entering strict repository configuration mode
2026-03-13T15:29:07.199+08:00  INFO 25748 --- [forum-server] [main] .s.d.r.c.RepositoryConfigurationDelegate : Bootstrapping Spring Data Redis repositories in DEFAULT mode.
2026-03-13T15:29:07.224+08:00  INFO 25748 --- [forum-server] [main] .s.d.r.c.RepositoryConfigurationDelegate : Finished Spring Data repository scanning in 18 ms. Found 0 Redis repository interfaces.
2026-03-13T15:29:07.385+08:00  WARN 25748 --- [forum-server] [main] trationDelegate$BeanPostProcessorChecker : Bean 'com.alibaba.cloud.nacos.NacosConfigAutoConfiguration' of type [com.alibaba.cloud.nacos.NacosConfigAutoConfiguration] is not eligible for getting processed by all BeanPostProcessors (for example: not eligible for auto-proxying). The currently created BeanPostProcessor [nacosAnnotationProcessor] is declared through a non-static factory method on that class; consider declaring it as static instead.
2026-03-13T15:29:07.388+08:00  WARN 25748 --- [forum-server] [main] trationDelegate$BeanPostProcessorChecker : Bean 'nacosConfigProperties' of type [com.alibaba.cloud.nacos.NacosConfigProperties] is not eligible for getting processed by all BeanPostProcessors (for example: not eligible for auto-proxying). Is this bean getting eagerly injected/applied to a currently created BeanPostProcessor [nacosAnnotationProcessor]? Check the corresponding BeanPostProcessor declaration and its dependencies/advisors. If this bean does not have to be post-processed, declare it with ROLE_INFRASTRUCTURE.
2026-03-13T15:29:07.460+08:00  INFO 25748 --- [forum-server] [main] c.a.n.p.a.s.c.ClientAuthPluginManager    : [ClientAuthPluginManager] Load ClientAuthService com.alibaba.nacos.client.auth.impl.NacosClientAuthServiceImpl success.
2026-03-13T15:29:07.461+08:00  INFO 25748 --- [forum-server] [main] c.a.n.p.a.s.c.ClientAuthPluginManager    : [ClientAuthPluginManager] Load ClientAuthService com.alibaba.nacos.client.auth.ram.RamClientAuthServiceImpl success.
2026-03-13T15:29:07.462+08:00  WARN 25748 --- [forum-server] [main] trationDelegate$BeanPostProcessorChecker : Bean 'nacosConfigManager' of type [com.alibaba.cloud.nacos.NacosConfigManager] is not eligible for getting processed by all BeanPostProcessors (for example: not eligible for auto-proxying). Is this bean getting eagerly injected/applied to a currently created BeanPostProcessor [nacosAnnotationProcessor]? Check the corresponding BeanPostProcessor declaration and its dependencies/advisors. If this bean does not have to be post-processed, declare it with ROLE_INFRASTRUCTURE.
2026-03-13T15:29:07.778+08:00  INFO 25748 --- [forum-server] [main] o.s.b.w.embedded.tomcat.TomcatWebServer  : Tomcat initialized with port 8080 (http)
2026-03-13T15:29:07.792+08:00  INFO 25748 --- [forum-server] [main] o.apache.catalina.core.StandardService   : Starting service [Tomcat]
2026-03-13T15:29:07.792+08:00  INFO 25748 --- [forum-server] [main] o.apache.catalina.core.StandardEngine    : Starting Servlet engine: [Apache Tomcat/10.1.31]
2026-03-13T15:29:07.843+08:00  INFO 25748 --- [forum-server] [main] o.a.c.c.C.[Tomcat].[localhost].[/]       : Initializing Spring embedded WebApplicationContext
2026-03-13T15:29:07.843+08:00  INFO 25748 --- [forum-server] [main] w.s.c.ServletWebServerApplicationContext : Root WebApplicationContext: initialization completed in 3443 ms
2026-03-13T15:29:09.375+08:00  INFO 25748 --- [forum-server] [main] org.quartz.impl.StdSchedulerFactory      : Using default implementation for ThreadExecutor
2026-03-13T15:29:09.383+08:00  INFO 25748 --- [forum-server] [main] org.quartz.core.SchedulerSignalerImpl    : Initialized Scheduler Signaller of type: class org.quartz.core.SchedulerSignalerImpl
2026-03-13T15:29:09.383+08:00  INFO 25748 --- [forum-server] [main] org.quartz.core.QuartzScheduler          : Quartz Scheduler v.2.3.2 created.
2026-03-13T15:29:09.383+08:00  INFO 25748 --- [forum-server] [main] org.quartz.simpl.RAMJobStore             : RAMJobStore initialized.
2026-03-13T15:29:09.384+08:00  INFO 25748 --- [forum-server] [main] org.quartz.core.QuartzScheduler          : Scheduler meta-data: Quartz Scheduler (v2.3.2) 'quartzScheduler' with instanceId 'NON_CLUSTERED'
  Scheduler class: 'org.quartz.core.QuartzScheduler' - running locally.
  NOT STARTED.
  Currently in standby mode.
  Number of jobs executed: 0
  Using thread pool 'org.quartz.simpl.SimpleThreadPool' - with 10 threads.
  Using job-store 'org.quartz.simpl.RAMJobStore' - which does not support persistence. and is not clustered.

2026-03-13T15:29:09.384+08:00  INFO 25748 --- [forum-server] [main] org.quartz.impl.StdSchedulerFactory      : Quartz scheduler 'quartzScheduler' initialized from an externally provided properties instance.
2026-03-13T15:29:09.384+08:00  INFO 25748 --- [forum-server] [main] org.quartz.impl.StdSchedulerFactory      : Quartz scheduler version: 2.3.2
2026-03-13T15:29:09.384+08:00  INFO 25748 --- [forum-server] [main] org.quartz.core.QuartzScheduler          : JobFactory set to: org.springframework.scheduling.quartz.SpringBeanJobFactory@94f79a7
2026-03-13T15:29:09.417+08:00  WARN 25748 --- [forum-server] [main] ConfigServletWebServerApplicationContext : Exception encountered during context initialization - cancelling refresh attempt: org.springframework.context.ApplicationContextException: Failed to start bean 'webServerStartStop'
2026-03-13T15:29:09.418+08:00  INFO 25748 --- [forum-server] [main] o.s.s.quartz.SchedulerFactoryBean        : Shutting down Quartz Scheduler
2026-03-13T15:29:09.418+08:00  INFO 25748 --- [forum-server] [main] org.quartz.core.QuartzScheduler          : Scheduler quartzScheduler_$_NON_CLUSTERED shutting down.
2026-03-13T15:29:09.419+08:00  INFO 25748 --- [forum-server] [main] org.quartz.core.QuartzScheduler          : Scheduler quartzScheduler_$_NON_CLUSTERED paused.
2026-03-13T15:29:09.419+08:00  INFO 25748 --- [forum-server] [main] org.quartz.core.QuartzScheduler          : Scheduler quartzScheduler_$_NON_CLUSTERED shutdown complete.
2026-03-13T15:29:09.443+08:00  INFO 25748 --- [forum-server] [main] .s.b.a.l.ConditionEvaluationReportLogger : 

Error starting ApplicationContext. To display the condition evaluation report re-run your application with 'debug' enabled.
2026-03-13T15:29:09.476+08:00 ERROR 25748 --- [forum-server] [main] o.s.b.d.LoggingFailureAnalysisReporter   : 

***************************
APPLICATION FAILED TO START
***************************

Description:

Web server failed to start. Port 8080 was already in use.

Action:

Identify and stop the process that's listening on port 8080 or configure this application to listen on another port.

2026-03-13T15:30:28.084+08:00  INFO 23520 --- [forum-server] [main] c.a.nacos.client.logging.NacosLogging    : Nacos Logging Adapter Builder: com.alibaba.nacos.logger.adapter.logback12.LogbackNacosLoggingAdapterBuilder
2026-03-13T15:30:28.090+08:00  INFO 23520 --- [forum-server] [main] c.a.nacos.client.logging.NacosLogging    : Nacos Logging Adapter Builder: com.alibaba.nacos.logger.adapter.logback14.LogbackNacosLoggingAdapterBuilder
2026-03-13T15:30:28.092+08:00  INFO 23520 --- [forum-server] [main] c.a.nacos.client.logging.NacosLogging    : Nacos Logging Adapter: com.alibaba.nacos.logger.adapter.logback14.LogbackNacosLoggingAdapter match ch.qos.logback.classic.Logger success.
2026-03-13T15:30:28.096+08:00  INFO 23520 --- [forum-server] [main] c.a.nacos.client.logging.NacosLogging    : Nacos Logging Adapter Builder: com.alibaba.nacos.logger.adapter.log4j2.Log4j2NacosLoggingAdapterBuilder
2026-03-13T15:30:28.217+08:00  INFO 23520 --- [forum-server] [main] com.zcy.forum.ForumApplication           : Starting ForumApplication using Java 17.0.16 with PID 23520 (D:\Java\Code\Project-forum\forum\target\classes started by zhangchengyi in D:\Java\Code\Project-forum\forum)
2026-03-13T15:30:28.217+08:00 DEBUG 23520 --- [forum-server] [main] com.zcy.forum.ForumApplication           : Running with Spring Boot v3.3.5, Spring v6.1.14
2026-03-13T15:30:28.219+08:00  INFO 23520 --- [forum-server] [main] com.zcy.forum.ForumApplication           : No active profile set, falling back to 1 default profile: "default"
2026-03-13T15:30:28.946+08:00  INFO 23520 --- [forum-server] [main] .s.d.r.c.RepositoryConfigurationDelegate : Multiple Spring Data modules found, entering strict repository configuration mode
2026-03-13T15:30:28.948+08:00  INFO 23520 --- [forum-server] [main] .s.d.r.c.RepositoryConfigurationDelegate : Bootstrapping Spring Data Redis repositories in DEFAULT mode.
2026-03-13T15:30:28.977+08:00  INFO 23520 --- [forum-server] [main] .s.d.r.c.RepositoryConfigurationDelegate : Finished Spring Data repository scanning in 20 ms. Found 0 Redis repository interfaces.
2026-03-13T15:30:29.144+08:00  WARN 23520 --- [forum-server] [main] trationDelegate$BeanPostProcessorChecker : Bean 'com.alibaba.cloud.nacos.NacosConfigAutoConfiguration' of type [com.alibaba.cloud.nacos.NacosConfigAutoConfiguration] is not eligible for getting processed by all BeanPostProcessors (for example: not eligible for auto-proxying). The currently created BeanPostProcessor [nacosAnnotationProcessor] is declared through a non-static factory method on that class; consider declaring it as static instead.
2026-03-13T15:30:29.147+08:00  WARN 23520 --- [forum-server] [main] trationDelegate$BeanPostProcessorChecker : Bean 'nacosConfigProperties' of type [com.alibaba.cloud.nacos.NacosConfigProperties] is not eligible for getting processed by all BeanPostProcessors (for example: not eligible for auto-proxying). Is this bean getting eagerly injected/applied to a currently created BeanPostProcessor [nacosAnnotationProcessor]? Check the corresponding BeanPostProcessor declaration and its dependencies/advisors. If this bean does not have to be post-processed, declare it with ROLE_INFRASTRUCTURE.
2026-03-13T15:30:29.216+08:00  INFO 23520 --- [forum-server] [main] c.a.n.p.a.s.c.ClientAuthPluginManager    : [ClientAuthPluginManager] Load ClientAuthService com.alibaba.nacos.client.auth.impl.NacosClientAuthServiceImpl success.
2026-03-13T15:30:29.219+08:00  INFO 23520 --- [forum-server] [main] c.a.n.p.a.s.c.ClientAuthPluginManager    : [ClientAuthPluginManager] Load ClientAuthService com.alibaba.nacos.client.auth.ram.RamClientAuthServiceImpl success.
2026-03-13T15:30:29.221+08:00  WARN 23520 --- [forum-server] [main] trationDelegate$BeanPostProcessorChecker : Bean 'nacosConfigManager' of type [com.alibaba.cloud.nacos.NacosConfigManager] is not eligible for getting processed by all BeanPostProcessors (for example: not eligible for auto-proxying). Is this bean getting eagerly injected/applied to a currently created BeanPostProcessor [nacosAnnotationProcessor]? Check the corresponding BeanPostProcessor declaration and its dependencies/advisors. If this bean does not have to be post-processed, declare it with ROLE_INFRASTRUCTURE.
2026-03-13T15:30:29.548+08:00  INFO 23520 --- [forum-server] [main] o.s.b.w.embedded.tomcat.TomcatWebServer  : Tomcat initialized with port 8081 (http)
2026-03-13T15:30:29.558+08:00  INFO 23520 --- [forum-server] [main] o.apache.catalina.core.StandardService   : Starting service [Tomcat]
2026-03-13T15:30:29.559+08:00  INFO 23520 --- [forum-server] [main] o.apache.catalina.core.StandardEngine    : Starting Servlet engine: [Apache Tomcat/10.1.31]
2026-03-13T15:30:29.619+08:00  INFO 23520 --- [forum-server] [main] o.a.c.c.C.[Tomcat].[localhost].[/]       : Initializing Spring embedded WebApplicationContext
2026-03-13T15:30:29.619+08:00  INFO 23520 --- [forum-server] [main] w.s.c.ServletWebServerApplicationContext : Root WebApplicationContext: initialization completed in 1274 ms
2026-03-13T15:30:31.449+08:00  INFO 23520 --- [forum-server] [main] org.quartz.impl.StdSchedulerFactory      : Using default implementation for ThreadExecutor
2026-03-13T15:30:31.456+08:00  INFO 23520 --- [forum-server] [main] org.quartz.core.SchedulerSignalerImpl    : Initialized Scheduler Signaller of type: class org.quartz.core.SchedulerSignalerImpl
2026-03-13T15:30:31.458+08:00  INFO 23520 --- [forum-server] [main] org.quartz.core.QuartzScheduler          : Quartz Scheduler v.2.3.2 created.
2026-03-13T15:30:31.458+08:00  INFO 23520 --- [forum-server] [main] org.quartz.simpl.RAMJobStore             : RAMJobStore initialized.
2026-03-13T15:30:31.460+08:00  INFO 23520 --- [forum-server] [main] org.quartz.core.QuartzScheduler          : Scheduler meta-data: Quartz Scheduler (v2.3.2) 'quartzScheduler' with instanceId 'NON_CLUSTERED'
  Scheduler class: 'org.quartz.core.QuartzScheduler' - running locally.
  NOT STARTED.
  Currently in standby mode.
  Number of jobs executed: 0
  Using thread pool 'org.quartz.simpl.SimpleThreadPool' - with 10 threads.
  Using job-store 'org.quartz.simpl.RAMJobStore' - which does not support persistence. and is not clustered.

2026-03-13T15:30:31.461+08:00  INFO 23520 --- [forum-server] [main] org.quartz.impl.StdSchedulerFactory      : Quartz scheduler 'quartzScheduler' initialized from an externally provided properties instance.
2026-03-13T15:30:31.461+08:00  INFO 23520 --- [forum-server] [main] org.quartz.impl.StdSchedulerFactory      : Quartz scheduler version: 2.3.2
2026-03-13T15:30:31.463+08:00  INFO 23520 --- [forum-server] [main] org.quartz.core.QuartzScheduler          : JobFactory set to: org.springframework.scheduling.quartz.SpringBeanJobFactory@3eb7ff78
2026-03-13T15:30:31.526+08:00  INFO 23520 --- [forum-server] [main] o.s.b.w.embedded.tomcat.TomcatWebServer  : Tomcat started on port 8081 (http) with context path '/'
2026-03-13T15:30:31.528+08:00  INFO 23520 --- [forum-server] [main] o.s.s.quartz.SchedulerFactoryBean        : Starting Quartz Scheduler now
2026-03-13T15:30:31.528+08:00  INFO 23520 --- [forum-server] [main] org.quartz.core.QuartzScheduler          : Scheduler quartzScheduler_$_NON_CLUSTERED started.
2026-03-13T15:30:31.538+08:00  INFO 23520 --- [forum-server] [main] com.zcy.forum.ForumApplication           : Started ForumApplication in 3.725 seconds (process running for 4.071)
